<?xml version="1.0" encoding="UTF-8"?>
<testng-results ignored="0" total="1" passed="1" failed="0" skipped="0">
  <reporter-output>
  </reporter-output>
  <suite started-at="2025-02-18T17:05:11 GMT-05:00" name="Suite" finished-at="2025-02-18T17:05:27 GMT-05:00" duration-ms="15577">
    <groups>
    </groups>
    <test started-at="2025-02-18T17:05:11 GMT-05:00" name="Test" finished-at="2025-02-18T17:05:27 GMT-05:00" duration-ms="15577">
      <class name="testscript.ManageNewsTest">
        <test-method is-config="true" signature="initialiseBrowser(java.lang.String)[pri:0, instance:testscript.ManageNewsTest@69504ae9]" started-at="2025-02-18T17:05:12 GMT-05:00" name="initialiseBrowser" finished-at="2025-02-18T17:05:18 GMT-05:00" duration-ms="6156" status="PASS">
          <params>
            <param index="0">
              <value>
                <![CDATA[chrome]]>
              </value>
            </param>
          </params>
          <reporter-output>
          </reporter-output>
        </test-method> <!-- initialiseBrowser -->
        <test-method signature="verifyWheathertheUserIsAbleToDeleteTheNewsFromTheList()[pri:0, instance:testscript.ManageNewsTest@69504ae9]" started-at="2025-02-18T17:05:18 GMT-05:00" name="verifyWheathertheUserIsAbleToDeleteTheNewsFromTheList" description=" Check the user is able to delete News" finished-at="2025-02-18T17:05:25 GMT-05:00" duration-ms="7378" status="PASS">
          <reporter-output>
          </reporter-output>
        </test-method> <!-- verifyWheathertheUserIsAbleToDeleteTheNewsFromTheList -->
        <test-method is-config="true" signature="browserQuit(org.testng.ITestResult)[pri:0, instance:testscript.ManageNewsTest@69504ae9]" started-at="2025-02-18T17:05:25 GMT-05:00" name="browserQuit" finished-at="2025-02-18T17:05:27 GMT-05:00" duration-ms="1952" status="PASS">
          <params>
            <param index="0">
              <value>
                <![CDATA[[TestResult name=verifyWheathertheUserIsAbleToDeleteTheNewsFromTheList status=SUCCESS method=ManageNewsTest.verifyWheathertheUserIsAbleToDeleteTheNewsFromTheList()[pri:0, instance:testscript.ManageNewsTest@69504ae9] output={null}]]]>
              </value>
            </param>
          </params>
          <reporter-output>
          </reporter-output>
        </test-method> <!-- browserQuit -->
      </class> <!-- testscript.ManageNewsTest -->
    </test> <!-- Test -->
  </suite> <!-- Suite -->
</testng-results>
