<?xml version="1.0" encoding="UTF-8"?>
<testng-results ignored="0" total="1" passed="1" failed="0" skipped="0">
  <reporter-output>
  </reporter-output>
  <suite started-at="2025-02-13T15:32:43 GMT-05:00" name="Suite" finished-at="2025-02-13T15:32:58 GMT-05:00" duration-ms="15041">
    <groups>
    </groups>
    <test started-at="2025-02-13T15:32:43 GMT-05:00" name="Test" finished-at="2025-02-13T15:32:58 GMT-05:00" duration-ms="15041">
      <class name="testscript.ManageContactTest">
        <test-method is-config="true" signature="initialiseBrowser(java.lang.String)[pri:0, instance:testscript.ManageContactTest@1f9e9475]" started-at="2025-02-13T15:32:43 GMT-05:00" name="initialiseBrowser" finished-at="2025-02-13T15:32:48 GMT-05:00" duration-ms="5637" status="PASS">
          <params>
            <param index="0">
              <value>
                <![CDATA[chrome]]>
              </value>
            </param>
          </params>
          <reporter-output>
          </reporter-output>
        </test-method> <!-- initialiseBrowser -->
        <test-method signature="verifytheUserIsAbleToEditTheContact()[pri:0, instance:testscript.ManageContactTest@1f9e9475]" started-at="2025-02-13T15:32:48 GMT-05:00" name="verifytheUserIsAbleToEditTheContact" description="Check the user can edit the contact details" finished-at="2025-02-13T15:32:58 GMT-05:00" duration-ms="9306" status="PASS">
          <reporter-output>
          </reporter-output>
        </test-method> <!-- verifytheUserIsAbleToEditTheContact -->
      </class> <!-- testscript.ManageContactTest -->
    </test> <!-- Test -->
  </suite> <!-- Suite -->
</testng-results>
