<?xml version="1.0" encoding="UTF-8"?>
<!-- Generated by org.testng.reporters.JUnitXMLReporter -->
<testsuite ignored="1" hostname="DESKTOP-H8P9LN6" failures="0" tests="1" name="Test" time="8.059" errors="0" timestamp="2025-02-14T01:18:21 GMT-05:00">
  <testcase classname="testscript.ManageNewsTest" name="verifyWheathertheUserIsAbleToDeleteTheNewsFromTheList" time="3.953"/>
  <testcase classname="testscript.ManageNewsTest" name="verifyThatnewUserCanAddNewNews" time="0.0">
    <ignored/>
  </testcase> <!-- verifyThatnewUserCanAddNewNews -->
</testsuite> <!-- Test -->
